<?xml version="1.0" encoding="UTF-8"?>
<testsuite xmlns:xsi="http://www.w3.org/2001/XMLSchema-instance" xsi:noNamespaceSchemaLocation="https://maven.apache.org/surefire/maven-surefire-plugin/xsd/surefire-test-report-3.0.xsd" version="3.0" name="com.keyvaluestore.CoordinatorTest" time="0.287" tests="13" errors="0" skipped="0" failures="0">
  <properties>
[...]
</properties>
  <testcase name="escrituraYLecturaBasicaConQuorumExitoso" classname="com.keyvaluestore.CoordinatorTest" time="0.203">
    <system-out><![CDATA[11:36:55.341 [main] INFO  c.k.coordinator.Coordinator - [PUT] Iniciando escritura de clave 'usuario:1001' con valor 'Alice' (Quórum W=2/3)
11:36:55.345 [main] INFO  c.k.coordinator.Coordinator - [PUT] Éxito. Clave 'usuario:1001' guardada con Quórum alcanzado (3 respuestas recibidas).
11:36:55.346 [main] INFO  c.k.coordinator.Coordinator - [GET] Iniciando lectura de clave 'usuario:1001' (Quórum R=2/3)
11:36:55.346 [main] INFO  c.k.coordinator.Coordinator - [GET] Quórum alcanzado para clave 'usuario:1001'. Valores recolectados: 3
]]></system-out>
  </testcase>
  <testcase name="getConClaveNulaLanzaExcepcion" classname="com.keyvaluestore.CoordinatorTest" time="0.002"/>
  <testcase name="escriturasSecuencialesAvanzanElReloj" classname="com.keyvaluestore.CoordinatorTest" time="0.007">
    <system-out><![CDATA[11:36:55.367 [main] INFO  c.k.coordinator.Coordinator - [PUT] Iniciando escritura de clave 'config:timeout' con valor '30' (Quórum W=2/3)
11:36:55.368 [main] INFO  c.k.coordinator.Coordinator - [PUT] Éxito. Clave 'config:timeout' guardada con Quórum alcanzado (3 respuestas recibidas).
11:36:55.369 [main] INFO  c.k.coordinator.Coordinator - [PUT] Iniciando escritura de clave 'config:timeout' con valor '60' (Quórum W=2/3)
11:36:55.369 [main] INFO  c.k.coordinator.Coordinator - [PUT] Éxito. Clave 'config:timeout' guardada con Quórum alcanzado (3 respuestas recibidas).
11:36:55.369 [main] INFO  c.k.coordinator.Coordinator - [GET] Iniciando lectura de clave 'config:timeout' (Quórum R=2/3)
11:36:55.369 [main] INFO  c.k.coordinator.Coordinator - [GET] Quórum alcanzado para clave 'config:timeout'. Valores recolectados: 3
]]></system-out>
  </testcase>
  <testcase name="multiplesClavesIndependientes" classname="com.keyvaluestore.CoordinatorTest" time="0.003">
    <system-out><![CDATA[11:36:55.374 [main] INFO  c.k.coordinator.Coordinator - [PUT] Iniciando escritura de clave 'producto:A' con valor 'Laptop' (Quórum W=2/3)
11:36:55.375 [main] INFO  c.k.coordinator.Coordinator - [PUT] Éxito. Clave 'producto:A' guardada con Quórum alcanzado (3 respuestas recibidas).
11:36:55.375 [main] INFO  c.k.coordinator.Coordinator - [PUT] Iniciando escritura de clave 'producto:B' con valor 'Mouse' (Quórum W=2/3)
11:36:55.375 [main] INFO  c.k.coordinator.Coordinator - [PUT] Éxito. Clave 'producto:B' guardada con Quórum alcanzado (3 respuestas recibidas).
11:36:55.375 [main] INFO  c.k.coordinator.Coordinator - [GET] Iniciando lectura de clave 'producto:A' (Quórum R=2/3)
11:36:55.375 [main] INFO  c.k.coordinator.Coordinator - [GET] Quórum alcanzado para clave 'producto:A'. Valores recolectados: 3
11:36:55.375 [main] INFO  c.k.coordinator.Coordinator - [GET] Iniciando lectura de clave 'producto:B' (Quórum R=2/3)
11:36:55.375 [main] INFO  c.k.coordinator.Coordinator - [GET] Quórum alcanzado para clave 'producto:B'. Valores recolectados: 3
]]></system-out>
  </testcase>
  <testcase name="lecturaExitosaConUnNodoCaido" classname="com.keyvaluestore.CoordinatorTest" time="0.005">
    <system-out><![CDATA[11:36:55.379 [main] INFO  c.k.coordinator.Coordinator - [PUT] Iniciando escritura de clave 'sesion:abc' con valor 'token-123' (Quórum W=2/3)
11:36:55.379 [main] INFO  c.k.coordinator.Coordinator - [PUT] Éxito. Clave 'sesion:abc' guardada con Quórum alcanzado (3 respuestas recibidas).
11:36:55.379 [main] INFO  c.k.coordinator.Coordinator - [GET] Iniciando lectura de clave 'sesion:abc' (Quórum R=2/3)
11:36:55.380 [main] INFO  c.k.coordinator.Coordinator - [GET] Quórum alcanzado para clave 'sesion:abc'. Valores recolectados: 2
]]></system-out>
  </testcase>
  <testcase name="getDeClaveInexistenteDevuelveEmpty" classname="com.keyvaluestore.CoordinatorTest" time="0.004">
    <system-out><![CDATA[11:36:55.385 [main] INFO  c.k.coordinator.Coordinator - [GET] Iniciando lectura de clave 'clave:que:no:existe' (Quórum R=2/3)
11:36:55.386 [main] INFO  c.k.coordinator.Coordinator - [GET] Quórum alcanzado, pero la clave 'clave:que:no:existe' no se encontró en ningún nodo.
]]></system-out>
  </testcase>
  <testcase name="escrituraExitosaConUnNodoCaido" classname="com.keyvaluestore.CoordinatorTest" time="0.004">
    <system-out><![CDATA[11:36:55.391 [main] INFO  c.k.coordinator.Coordinator - [PUT] Iniciando escritura de clave 'sesion:xyz' con valor 'activa' (Quórum W=2/3)
11:36:55.391 [main] INFO  c.k.coordinator.Coordinator - [PUT] Éxito. Clave 'sesion:xyz' guardada con Quórum alcanzado (2 respuestas recibidas).
]]></system-out>
  </testcase>
  <testcase name="constructorLanzaExcepcionSiWEsImposible" classname="com.keyvaluestore.CoordinatorTest" time="0.002"/>
  <testcase name="lecturaFallaSiNoHayQuorum" classname="com.keyvaluestore.CoordinatorTest" time="0.004">
    <system-out><![CDATA[11:36:55.397 [main] INFO  c.k.coordinator.Coordinator - [PUT] Iniciando escritura de clave 'dato:importante' con valor 'valor' (Quórum W=2/3)
11:36:55.398 [main] INFO  c.k.coordinator.Coordinator - [PUT] Éxito. Clave 'dato:importante' guardada con Quórum alcanzado (3 respuestas recibidas).
11:36:55.399 [main] INFO  c.k.coordinator.Coordinator - [GET] Iniciando lectura de clave 'dato:importante' (Quórum R=2/3)
11:36:55.399 [main] ERROR c.k.coordinator.Coordinator - [GET] Quórum fallido para clave 'dato:importante'. Se requerían 2 respuestas, pero se obtuvieron 1
]]></system-out>
  </testcase>
  <testcase name="putConClaveNulaLanzaExcepcion" classname="com.keyvaluestore.CoordinatorTest" time="0.003"/>
  <testcase name="lecturaCorrectaCuandoNodoCaidoNoTeniaElDato" classname="com.keyvaluestore.CoordinatorTest" time="0.002">
    <system-out><![CDATA[11:36:55.405 [main] INFO  c.k.coordinator.Coordinator - [PUT] Iniciando escritura de clave 'clave:efimera' con valor 'valorX' (Quórum W=2/3)
11:36:55.406 [main] INFO  c.k.coordinator.Coordinator - [PUT] Éxito. Clave 'clave:efimera' guardada con Quórum alcanzado (2 respuestas recibidas).
11:36:55.406 [main] INFO  c.k.coordinator.Coordinator - [GET] Iniciando lectura de clave 'clave:efimera' (Quórum R=2/3)
11:36:55.407 [main] INFO  c.k.coordinator.Coordinator - [GET] Quórum alcanzado para clave 'clave:efimera'. Valores recolectados: 1
]]></system-out>
  </testcase>
  <testcase name="putConValorNuloLanzaExcepcion" classname="com.keyvaluestore.CoordinatorTest" time="0.001"/>
  <testcase name="escrituraFallaSiNoHayQuorum" classname="com.keyvaluestore.CoordinatorTest" time="0.003">
    <system-out><![CDATA[11:36:55.410 [main] INFO  c.k.coordinator.Coordinator - [PUT] Iniciando escritura de clave 'clave:critica' con valor 'valorCritico' (Quórum W=2/3)
11:36:55.411 [main] ERROR c.k.coordinator.Coordinator - [PUT] Quórum fallido para clave 'clave:critica'. Se requerían 2 respuestas, pero se obtuvieron 0
]]></system-out>
  </testcase>
</testsuite>