<?xml version="1.0" encoding="UTF-8"?>
<testsuite xmlns:xsi="http://www.w3.org/2001/XMLSchema-instance" xsi:noNamespaceSchemaLocation="https://maven.apache.org/surefire/maven-surefire-plugin/xsd/surefire-test-report-3.0.xsd" version="3.0" name="com.keyvaluestore.CoordinatorTest" time="2.653" tests="6" errors="0" skipped="0" failures="0">
  <properties>
[...]
</properties>
  <testcase name="podaDeRelojVectorial" classname="com.keyvaluestore.CoordinatorTest" time="0.327"/>
  <testcase name="reintentosExitosos" classname="com.keyvaluestore.CoordinatorTest" time="0.09">
    <system-out><![CDATA[17:25:47.847 [main] INFO  c.k.coordinator.Coordinator - [4fe87ced] [PUT] Clave 'retry-key' (W=2/3)
17:25:47.856 [main] INFO  c.k.coordinator.Coordinator - [4fe87ced] [PUT] Éxito para 'retry-key' (2 respuestas)
]]></system-out>
  </testcase>
  <testcase name="readRepairActualizaObsoleto" classname="com.keyvaluestore.CoordinatorTest" time="0.121">
    <system-out><![CDATA[17:25:47.860 [main] INFO  c.k.coordinator.Coordinator - [d91a506b] [PUT] Clave 'repair' (W=2/3)
17:25:47.862 [main] INFO  c.k.coordinator.Coordinator - [d91a506b] [PUT] Éxito para 'repair' (2 respuestas)
17:25:47.864 [main] INFO  c.k.coordinator.Coordinator - [56734250] [GET] Clave 'repair' (R=2/3)
17:25:47.868 [main] INFO  c.k.coordinator.Coordinator - [56734250] [GET] Éxito. Versiones: 1.
17:25:47.868 [main] INFO  c.k.coordinator.Coordinator - [31a1db4b] [PUT] Clave 'repair' (W=2/3)
17:25:47.868 [main] INFO  c.k.coordinator.Coordinator - [31a1db4b] [PUT] Éxito para 'repair' (2 respuestas)
17:25:47.868 [main] INFO  c.k.coordinator.Coordinator - [5d3cd51f] [GET] Clave 'repair' (R=2/3)
17:25:47.868 [main] INFO  c.k.coordinator.Coordinator - [5d3cd51f] [GET] Éxito. Versiones: 1.
]]></system-out>
  </testcase>
  <testcase name="quorumRapidoConNodosLentos" classname="com.keyvaluestore.CoordinatorTest" time="2.016">
    <system-out><![CDATA[17:25:47.985 [main] INFO  c.k.coordinator.Coordinator - [37f04269] [PUT] Clave 'fast-key' (W=2/3)
17:25:47.986 [main] INFO  c.k.coordinator.Coordinator - [37f04269] [PUT] Éxito para 'fast-key' (2 respuestas)
]]></system-out>
  </testcase>
  <testcase name="resolucionLWW" classname="com.keyvaluestore.CoordinatorTest" time="0.041">
    <system-out><![CDATA[17:25:50.014 [main] INFO  c.k.coordinator.Coordinator - [a83df1d1] [GET] Clave 'lww-key' (R=2/3)
17:25:50.039 [main] INFO  c.k.coordinator.Coordinator - [a83df1d1] [GET] Éxito. Versiones: 1.
]]></system-out>
  </testcase>
  <testcase name="flujoStatelessCorrecto" classname="com.keyvaluestore.CoordinatorTest" time="0.009">
    <system-out><![CDATA[17:25:50.043 [main] INFO  c.k.coordinator.Coordinator - [01389524] [PUT] Clave 'key1' (W=2/3)
17:25:50.047 [main] INFO  c.k.coordinator.Coordinator - [01389524] [PUT] Éxito para 'key1' (2 respuestas)
17:25:50.048 [main] INFO  c.k.coordinator.Coordinator - [8735233e] [GET] Clave 'key1' (R=2/3)
17:25:50.049 [main] INFO  c.k.coordinator.Coordinator - [8735233e] [GET] Éxito. Versiones: 1.
17:25:50.049 [main] INFO  c.k.coordinator.Coordinator - [98df3275] [PUT] Clave 'key1' (W=2/3)
17:25:50.049 [main] INFO  c.k.coordinator.Coordinator - [98df3275] [PUT] Éxito para 'key1' (2 respuestas)
17:25:50.049 [main] INFO  c.k.coordinator.Coordinator - [e242b7ff] [GET] Clave 'key1' (R=2/3)
17:25:50.049 [main] INFO  c.k.coordinator.Coordinator - [e242b7ff] [GET] Éxito. Versiones: 1.
]]></system-out>
  </testcase>
</testsuite>