<?xml version="1.0" encoding="UTF-8"?>
<testsuite xmlns:xsi="http://www.w3.org/2001/XMLSchema-instance" xsi:noNamespaceSchemaLocation="https://maven.apache.org/surefire/maven-surefire-plugin/xsd/surefire-test-report-3.0.xsd" version="3.0" name="com.keyvaluestore.VectorClockTest" time="0.043" tests="11" errors="0" skipped="0" failures="0">
  <properties>
[...]
</properties>
  <testcase name="relojesIdentocosSonEqual" classname="com.keyvaluestore.VectorClockTest" time="0.005"/>
  <testcase name="dosRelojosVaciosSonIguales" classname="com.keyvaluestore.VectorClockTest" time="0.002"/>
  <testcase name="detectaConflictoConcurrenteConTresNodos" classname="com.keyvaluestore.VectorClockTest" time="0.001"/>
  <testcase name="mergeTomaElMaximoComponente" classname="com.keyvaluestore.VectorClockTest" time="0.003"/>
  <testcase name="detectaConflictoConcurrente" classname="com.keyvaluestore.VectorClockTest" time="0.001"/>
  <testcase name="incrementLanzaExcepcionConNodeIdVacio" classname="com.keyvaluestore.VectorClockTest" time="0.006"/>
  <testcase name="incrementLanzaExcepcionConNodeIdNulo" classname="com.keyvaluestore.VectorClockTest" time="0.001"/>
  <testcase name="relojVacioPrecedeAlNoVacio" classname="com.keyvaluestore.VectorClockTest" time="0.001"/>
  <testcase name="relojPrecedeCuandoTodosLosComponenteresMenoresOIgual" classname="com.keyvaluestore.VectorClockTest" time="0.004"/>
  <testcase name="incrementInicializaNodoNuevo" classname="com.keyvaluestore.VectorClockTest" time="0.004"/>
  <testcase name="incrementNoMutaElRelojOriginal" classname="com.keyvaluestore.VectorClockTest" time="0.002"/>
</testsuite>